[2024-01-06T19:36:19.428+0000] {taskinstance.py:1159} INFO - Dependencies all met for dep_context=non-requeueable deps ti=<TaskInstance: downloading_fundamentals.downloading_fundamentals scheduled__2024-01-05T00:00:00+00:00 [queued]>
[2024-01-06T19:36:19.437+0000] {taskinstance.py:1159} INFO - Dependencies all met for dep_context=requeueable deps ti=<TaskInstance: downloading_fundamentals.downloading_fundamentals scheduled__2024-01-05T00:00:00+00:00 [queued]>
[2024-01-06T19:36:19.437+0000] {taskinstance.py:1361} INFO - Starting attempt 1 of 2
[2024-01-06T19:36:19.450+0000] {taskinstance.py:1382} INFO - Executing <Task(PythonOperator): downloading_fundamentals> on 2024-01-05 00:00:00+00:00
[2024-01-06T19:36:19.455+0000] {standard_task_runner.py:57} INFO - Started process 187 to run task
[2024-01-06T19:36:19.458+0000] {standard_task_runner.py:84} INFO - Running: ['***', 'tasks', 'run', 'downloading_fundamentals', 'downloading_fundamentals', 'scheduled__2024-01-05T00:00:00+00:00', '--job-id', '5', '--raw', '--subdir', 'DAGS_FOLDER/fundamental_data_pipeline.py', '--cfg-path', '/tmp/tmp1w3y0g85']
[2024-01-06T19:36:19.462+0000] {standard_task_runner.py:85} INFO - Job 5: Subtask downloading_fundamentals
[2024-01-06T19:36:19.515+0000] {task_command.py:416} INFO - Running <TaskInstance: downloading_fundamentals.downloading_fundamentals scheduled__2024-01-05T00:00:00+00:00 [running]> on host 028d52c20d97
[2024-01-06T19:36:20.783+0000] {taskinstance.py:1662} INFO - Exporting env vars: AIRFLOW_CTX_DAG_EMAIL='gerardchurch133@gmail.com' AIRFLOW_CTX_DAG_OWNER='Airflow' AIRFLOW_CTX_DAG_ID='downloading_fundamentals' AIRFLOW_CTX_TASK_ID='downloading_fundamentals' AIRFLOW_CTX_EXECUTION_DATE='2024-01-05T00:00:00+00:00' AIRFLOW_CTX_TRY_NUMBER='1' AIRFLOW_CTX_DAG_RUN_ID='scheduled__2024-01-05T00:00:00+00:00'
[2024-01-06T19:36:20.785+0000] {taskinstance.py:1937} ERROR - Task failed with exception
Traceback (most recent call last):
  File "/home/airflow/.local/lib/python3.8/site-packages/airflow/operators/python.py", line 192, in execute
    return_value = self.execute_callable()
  File "/home/airflow/.local/lib/python3.8/site-packages/airflow/operators/python.py", line 209, in execute_callable
    return self.python_callable(*self.op_args, **self.op_kwargs)
  File "/opt/airflow/dags/fundamental_data_pipeline.py", line 15, in get_fundamental_data
    headers = {"X-RapidAPI-Key": os.environ['rapidapi_key'],
  File "/usr/local/lib/python3.8/os.py", line 675, in __getitem__
    raise KeyError(key) from None
KeyError: 'rapidapi_key'
[2024-01-06T19:36:20.798+0000] {taskinstance.py:1400} INFO - Marking task as UP_FOR_RETRY. dag_id=downloading_fundamentals, task_id=downloading_fundamentals, execution_date=20240105T000000, start_date=20240106T193619, end_date=20240106T193620
[2024-01-06T19:36:20.813+0000] {standard_task_runner.py:104} ERROR - Failed to execute job 5 for task downloading_fundamentals ('rapidapi_key'; 187)
[2024-01-06T19:36:20.837+0000] {local_task_job_runner.py:228} INFO - Task exited with return code 1
[2024-01-06T19:36:20.852+0000] {taskinstance.py:2778} INFO - 0 downstream tasks scheduled from follow-on schedule check
[2024-01-06T21:05:14.023+0000] {taskinstance.py:1159} INFO - Dependencies all met for dep_context=non-requeueable deps ti=<TaskInstance: downloading_fundamentals.downloading_fundamentals scheduled__2024-01-05T00:00:00+00:00 [queued]>
[2024-01-06T21:05:14.035+0000] {taskinstance.py:1159} INFO - Dependencies all met for dep_context=requeueable deps ti=<TaskInstance: downloading_fundamentals.downloading_fundamentals scheduled__2024-01-05T00:00:00+00:00 [queued]>
[2024-01-06T21:05:14.035+0000] {taskinstance.py:1361} INFO - Starting attempt 1 of 2
[2024-01-06T21:05:14.050+0000] {taskinstance.py:1382} INFO - Executing <Task(PythonOperator): downloading_fundamentals> on 2024-01-05 00:00:00+00:00
[2024-01-06T21:05:14.060+0000] {standard_task_runner.py:57} INFO - Started process 75 to run task
[2024-01-06T21:05:14.063+0000] {standard_task_runner.py:84} INFO - Running: ['***', 'tasks', 'run', 'downloading_fundamentals', 'downloading_fundamentals', 'scheduled__2024-01-05T00:00:00+00:00', '--job-id', '5', '--raw', '--subdir', 'DAGS_FOLDER/fundamental_data_pipeline.py', '--cfg-path', '/tmp/tmpvwz0eooe']
[2024-01-06T21:05:14.067+0000] {standard_task_runner.py:85} INFO - Job 5: Subtask downloading_fundamentals
[2024-01-06T21:05:14.156+0000] {task_command.py:416} INFO - Running <TaskInstance: downloading_fundamentals.downloading_fundamentals scheduled__2024-01-05T00:00:00+00:00 [running]> on host af1e69d468aa
[2024-01-06T21:05:14.990+0000] {taskinstance.py:1662} INFO - Exporting env vars: AIRFLOW_CTX_DAG_EMAIL='gerardchurch133@gmail.com' AIRFLOW_CTX_DAG_OWNER='Airflow' AIRFLOW_CTX_DAG_ID='downloading_fundamentals' AIRFLOW_CTX_TASK_ID='downloading_fundamentals' AIRFLOW_CTX_EXECUTION_DATE='2024-01-05T00:00:00+00:00' AIRFLOW_CTX_TRY_NUMBER='1' AIRFLOW_CTX_DAG_RUN_ID='scheduled__2024-01-05T00:00:00+00:00'
[2024-01-06T21:05:14.991+0000] {taskinstance.py:1937} ERROR - Task failed with exception
Traceback (most recent call last):
  File "/home/airflow/.local/lib/python3.8/site-packages/airflow/operators/python.py", line 192, in execute
    return_value = self.execute_callable()
  File "/home/airflow/.local/lib/python3.8/site-packages/airflow/operators/python.py", line 209, in execute_callable
    return self.python_callable(*self.op_args, **self.op_kwargs)
  File "/opt/airflow/dags/fundamental_data_pipeline.py", line 15, in get_fundamental_data
    headers = {"X-RapidAPI-Key": os.environ['rapidapi_key'],
  File "/usr/local/lib/python3.8/os.py", line 675, in __getitem__
    raise KeyError(key) from None
KeyError: 'rapidapi_key'
[2024-01-06T21:05:15.005+0000] {taskinstance.py:1400} INFO - Marking task as UP_FOR_RETRY. dag_id=downloading_fundamentals, task_id=downloading_fundamentals, execution_date=20240105T000000, start_date=20240106T210514, end_date=20240106T210515
[2024-01-06T21:05:15.018+0000] {standard_task_runner.py:104} ERROR - Failed to execute job 5 for task downloading_fundamentals ('rapidapi_key'; 75)
[2024-01-06T21:05:15.041+0000] {local_task_job_runner.py:228} INFO - Task exited with return code 1
[2024-01-06T21:05:15.057+0000] {taskinstance.py:2778} INFO - 0 downstream tasks scheduled from follow-on schedule check
[2024-01-06T21:35:48.305+0000] {taskinstance.py:1159} INFO - Dependencies all met for dep_context=non-requeueable deps ti=<TaskInstance: downloading_fundamentals.downloading_fundamentals scheduled__2024-01-05T00:00:00+00:00 [queued]>
[2024-01-06T21:35:48.321+0000] {taskinstance.py:1159} INFO - Dependencies all met for dep_context=requeueable deps ti=<TaskInstance: downloading_fundamentals.downloading_fundamentals scheduled__2024-01-05T00:00:00+00:00 [queued]>
[2024-01-06T21:35:48.322+0000] {taskinstance.py:1361} INFO - Starting attempt 1 of 2
[2024-01-06T21:35:48.339+0000] {taskinstance.py:1382} INFO - Executing <Task(PythonOperator): downloading_fundamentals> on 2024-01-05 00:00:00+00:00
[2024-01-06T21:35:48.346+0000] {standard_task_runner.py:57} INFO - Started process 57 to run task
[2024-01-06T21:35:48.350+0000] {standard_task_runner.py:84} INFO - Running: ['***', 'tasks', 'run', 'downloading_fundamentals', 'downloading_fundamentals', 'scheduled__2024-01-05T00:00:00+00:00', '--job-id', '5', '--raw', '--subdir', 'DAGS_FOLDER/fundamental_data_pipeline.py', '--cfg-path', '/tmp/tmpevtixerf']
[2024-01-06T21:35:48.354+0000] {standard_task_runner.py:85} INFO - Job 5: Subtask downloading_fundamentals
[2024-01-06T21:35:48.415+0000] {task_command.py:416} INFO - Running <TaskInstance: downloading_fundamentals.downloading_fundamentals scheduled__2024-01-05T00:00:00+00:00 [running]> on host 214a5769db07
[2024-01-06T21:35:48.744+0000] {taskinstance.py:1662} INFO - Exporting env vars: AIRFLOW_CTX_DAG_EMAIL='gerardchurch133@gmail.com' AIRFLOW_CTX_DAG_OWNER='Airflow' AIRFLOW_CTX_DAG_ID='downloading_fundamentals' AIRFLOW_CTX_TASK_ID='downloading_fundamentals' AIRFLOW_CTX_EXECUTION_DATE='2024-01-05T00:00:00+00:00' AIRFLOW_CTX_TRY_NUMBER='1' AIRFLOW_CTX_DAG_RUN_ID='scheduled__2024-01-05T00:00:00+00:00'
[2024-01-06T21:35:53.562+0000] {python.py:194} INFO - Done. Returned value was:        date revenues_value  ... foreign_sales_raw_value  foreign_sales_yoy_value
4  Sep 2023      383,285.0  ...            2.447120e+11                  (0.71%)
3  Sep 2022      394,328.0  ...            2.464690e+11                    6.23%
2  Sep 2021      365,817.0  ...            2.320140e+11                   40.34%
1  Sep 2020      274,515.0  ...            1.653180e+11                    4.69%
0  Sep 2019      260,174.0  ...            1.579080e+11                        -

[5 rows x 178 columns]
[2024-01-06T21:35:53.896+0000] {taskinstance.py:1400} INFO - Marking task as SUCCESS. dag_id=downloading_fundamentals, task_id=downloading_fundamentals, execution_date=20240105T000000, start_date=20240106T213548, end_date=20240106T213553
[2024-01-06T21:35:53.952+0000] {local_task_job_runner.py:228} INFO - Task exited with return code 0
[2024-01-06T21:35:53.972+0000] {taskinstance.py:2778} INFO - 0 downstream tasks scheduled from follow-on schedule check
[2024-01-06T22:38:09.739+0000] {taskinstance.py:1159} INFO - Dependencies all met for dep_context=non-requeueable deps ti=<TaskInstance: downloading_fundamentals.downloading_fundamentals scheduled__2024-01-05T00:00:00+00:00 [queued]>
[2024-01-06T22:38:09.752+0000] {taskinstance.py:1159} INFO - Dependencies all met for dep_context=requeueable deps ti=<TaskInstance: downloading_fundamentals.downloading_fundamentals scheduled__2024-01-05T00:00:00+00:00 [queued]>
[2024-01-06T22:38:09.753+0000] {taskinstance.py:1361} INFO - Starting attempt 1 of 2
[2024-01-06T22:38:09.770+0000] {taskinstance.py:1382} INFO - Executing <Task(PythonOperator): downloading_fundamentals> on 2024-01-05 00:00:00+00:00
[2024-01-06T22:38:09.776+0000] {standard_task_runner.py:57} INFO - Started process 101 to run task
[2024-01-06T22:38:09.793+0000] {standard_task_runner.py:84} INFO - Running: ['***', 'tasks', 'run', 'downloading_fundamentals', 'downloading_fundamentals', 'scheduled__2024-01-05T00:00:00+00:00', '--job-id', '3', '--raw', '--subdir', 'DAGS_FOLDER/fundamental_data_pipeline.py', '--cfg-path', '/tmp/tmpuoos6zmo']
[2024-01-06T22:38:09.804+0000] {standard_task_runner.py:85} INFO - Job 3: Subtask downloading_fundamentals
[2024-01-06T22:38:10.057+0000] {task_command.py:416} INFO - Running <TaskInstance: downloading_fundamentals.downloading_fundamentals scheduled__2024-01-05T00:00:00+00:00 [running]> on host 6fe725e5395d
[2024-01-06T22:38:11.623+0000] {taskinstance.py:1662} INFO - Exporting env vars: AIRFLOW_CTX_DAG_EMAIL='gerardchurch133@gmail.com' AIRFLOW_CTX_DAG_OWNER='Airflow' AIRFLOW_CTX_DAG_ID='downloading_fundamentals' AIRFLOW_CTX_TASK_ID='downloading_fundamentals' AIRFLOW_CTX_EXECUTION_DATE='2024-01-05T00:00:00+00:00' AIRFLOW_CTX_TRY_NUMBER='1' AIRFLOW_CTX_DAG_RUN_ID='scheduled__2024-01-05T00:00:00+00:00'
[2024-01-06T22:38:15.410+0000] {python.py:194} INFO - Done. Returned value was:        date revenues_value  ... foreign_sales_raw_value  foreign_sales_yoy_value
4  Sep 2023      383,285.0  ...            2.447120e+11                  (0.71%)
3  Sep 2022      394,328.0  ...            2.464690e+11                    6.23%
2  Sep 2021      365,817.0  ...            2.320140e+11                   40.34%
1  Sep 2020      274,515.0  ...            1.653180e+11                    4.69%
0  Sep 2019      260,174.0  ...            1.579080e+11                        -

[5 rows x 178 columns]
[2024-01-06T22:38:15.825+0000] {taskinstance.py:1400} INFO - Marking task as SUCCESS. dag_id=downloading_fundamentals, task_id=downloading_fundamentals, execution_date=20240105T000000, start_date=20240106T223809, end_date=20240106T223815
[2024-01-06T22:38:15.847+0000] {local_task_job_runner.py:228} INFO - Task exited with return code 0
[2024-01-06T22:38:15.861+0000] {taskinstance.py:2778} INFO - 0 downstream tasks scheduled from follow-on schedule check
