[2024-02-01T11:35:53.728+0000] {taskinstance.py:1159} INFO - Dependencies all met for dep_context=non-requeueable deps ti=<TaskInstance: calculating_gross_margin.downloading_fundamentals manual__2024-02-01T11:35:39.947817+00:00 [queued]>
[2024-02-01T11:35:53.738+0000] {taskinstance.py:1159} INFO - Dependencies all met for dep_context=requeueable deps ti=<TaskInstance: calculating_gross_margin.downloading_fundamentals manual__2024-02-01T11:35:39.947817+00:00 [queued]>
[2024-02-01T11:35:53.739+0000] {taskinstance.py:1361} INFO - Starting attempt 1 of 2
[2024-02-01T11:35:53.752+0000] {taskinstance.py:1382} INFO - Executing <Task(PythonOperator): downloading_fundamentals> on 2024-02-01 11:35:39.947817+00:00
[2024-02-01T11:35:53.759+0000] {standard_task_runner.py:57} INFO - Started process 589 to run task
[2024-02-01T11:35:53.762+0000] {standard_task_runner.py:84} INFO - Running: ['***', 'tasks', 'run', 'calculating_gross_margin', 'downloading_fundamentals', 'manual__2024-02-01T11:35:39.947817+00:00', '--job-id', '129', '--raw', '--subdir', 'DAGS_FOLDER/fundamental_data_pipeline.py', '--cfg-path', '/tmp/tmp9gqqilq8']
[2024-02-01T11:35:53.765+0000] {standard_task_runner.py:85} INFO - Job 129: Subtask downloading_fundamentals
[2024-02-01T11:35:53.820+0000] {task_command.py:416} INFO - Running <TaskInstance: calculating_gross_margin.downloading_fundamentals manual__2024-02-01T11:35:39.947817+00:00 [running]> on host a6ea6f6b0bb7
[2024-02-01T11:35:53.886+0000] {taskinstance.py:1662} INFO - Exporting env vars: AIRFLOW_CTX_DAG_EMAIL='gerardchurch133@outlook.com' AIRFLOW_CTX_DAG_OWNER='Airflow' AIRFLOW_CTX_DAG_ID='calculating_gross_margin' AIRFLOW_CTX_TASK_ID='downloading_fundamentals' AIRFLOW_CTX_EXECUTION_DATE='2024-02-01T11:35:39.947817+00:00' AIRFLOW_CTX_TRY_NUMBER='1' AIRFLOW_CTX_DAG_RUN_ID='manual__2024-02-01T11:35:39.947817+00:00'
[2024-02-01T11:35:56.952+0000] {_universal.py:514} INFO - Request URL: 'https://datalakeuksouth2311.table.core.windows.net/fundamentalsraw()?$filter=REDACTED'
Request method: 'GET'
Request headers:
    'x-ms-version': 'REDACTED'
    'DataServiceVersion': 'REDACTED'
    'Accept': 'application/json;odata=minimalmetadata'
    'x-ms-client-request-id': '10afe7c4-c0f6-11ee-94f0-0242ac150005'
    'x-ms-date': 'REDACTED'
    'Date': 'Thu, 01 Feb 2024 11:35:56 GMT'
    'User-Agent': 'azsdk-python-data-tables/12.5.0 Python/3.8.18 (Linux-5.10.16.3-microsoft-standard-WSL2-x86_64-with-glibc2.2.5)'
    'Authorization': 'REDACTED'
No body was attached to the request
[2024-02-01T11:35:57.059+0000] {_universal.py:550} INFO - Response status: 200
Response headers:
    'Cache-Control': 'no-cache'
    'Transfer-Encoding': 'chunked'
    'Content-Type': 'application/json;odata=minimalmetadata;streaming=true;charset=utf-8'
    'Server': 'Windows-Azure-Table/1.0 Microsoft-HTTPAPI/2.0'
    'x-ms-request-id': 'a8b79792-9002-0047-0202-55eb75000000'
    'x-ms-client-request-id': '10afe7c4-c0f6-11ee-94f0-0242ac150005'
    'x-ms-version': 'REDACTED'
    'X-Content-Type-Options': 'REDACTED'
    'Date': 'Thu, 01 Feb 2024 11:35:59 GMT'
[2024-02-01T11:35:57.095+0000] {python.py:194} INFO - Done. Returned value was: None
[2024-02-01T11:35:57.103+0000] {taskinstance.py:1400} INFO - Marking task as SUCCESS. dag_id=calculating_gross_margin, task_id=downloading_fundamentals, execution_date=20240201T113539, start_date=20240201T113553, end_date=20240201T113557
[2024-02-01T11:35:57.146+0000] {local_task_job_runner.py:228} INFO - Task exited with return code 0
[2024-02-01T11:35:57.171+0000] {taskinstance.py:2778} INFO - 1 downstream tasks scheduled from follow-on schedule check
