[2024-02-05T09:13:42.217+0000] {taskinstance.py:1159} INFO - Dependencies all met for dep_context=non-requeueable deps ti=<TaskInstance: calculating_gross_margin.downloading_fundamentals scheduled__2024-02-04T00:00:00+00:00 [queued]>
[2024-02-05T09:13:42.232+0000] {taskinstance.py:1159} INFO - Dependencies all met for dep_context=requeueable deps ti=<TaskInstance: calculating_gross_margin.downloading_fundamentals scheduled__2024-02-04T00:00:00+00:00 [queued]>
[2024-02-05T09:13:42.232+0000] {taskinstance.py:1361} INFO - Starting attempt 1 of 2
[2024-02-05T09:13:42.248+0000] {taskinstance.py:1382} INFO - Executing <Task(PythonOperator): downloading_fundamentals> on 2024-02-04 00:00:00+00:00
[2024-02-05T09:13:42.266+0000] {standard_task_runner.py:57} INFO - Started process 16453 to run task
[2024-02-05T09:13:42.277+0000] {standard_task_runner.py:84} INFO - Running: ['***', 'tasks', 'run', 'calculating_gross_margin', 'downloading_fundamentals', 'scheduled__2024-02-04T00:00:00+00:00', '--job-id', '179', '--raw', '--subdir', 'DAGS_FOLDER/fundamental_data_pipeline.py', '--cfg-path', '/tmp/tmpamebgh7e']
[2024-02-05T09:13:42.292+0000] {standard_task_runner.py:85} INFO - Job 179: Subtask downloading_fundamentals
[2024-02-05T09:13:42.393+0000] {task_command.py:416} INFO - Running <TaskInstance: calculating_gross_margin.downloading_fundamentals scheduled__2024-02-04T00:00:00+00:00 [running]> on host 617d7a1a687e
[2024-02-05T09:13:42.493+0000] {taskinstance.py:1662} INFO - Exporting env vars: AIRFLOW_CTX_DAG_EMAIL='gerardchurch133@outlook.com' AIRFLOW_CTX_DAG_OWNER='Airflow' AIRFLOW_CTX_DAG_ID='calculating_gross_margin' AIRFLOW_CTX_TASK_ID='downloading_fundamentals' AIRFLOW_CTX_EXECUTION_DATE='2024-02-04T00:00:00+00:00' AIRFLOW_CTX_TRY_NUMBER='1' AIRFLOW_CTX_DAG_RUN_ID='scheduled__2024-02-04T00:00:00+00:00'
[2024-02-05T09:13:44.354+0000] {_universal.py:514} INFO - Request URL: 'https://datalakeuksouth2311.table.core.windows.net/fundamentalsraw()?$filter=REDACTED'
Request method: 'GET'
Request headers:
    'x-ms-version': 'REDACTED'
    'DataServiceVersion': 'REDACTED'
    'Accept': 'application/json;odata=minimalmetadata'
    'x-ms-client-request-id': 'dc83a79c-c406-11ee-b1b8-0242ac120005'
    'x-ms-date': 'REDACTED'
    'Date': 'Mon, 05 Feb 2024 09:13:44 GMT'
    'User-Agent': 'azsdk-python-data-tables/12.5.0 Python/3.8.18 (Linux-5.10.16.3-microsoft-standard-WSL2-x86_64-with-glibc2.2.5)'
    'Authorization': 'REDACTED'
No body was attached to the request
[2024-02-05T09:13:44.484+0000] {_universal.py:550} INFO - Response status: 200
Response headers:
    'Cache-Control': 'no-cache'
    'Transfer-Encoding': 'chunked'
    'Content-Type': 'application/json;odata=minimalmetadata;streaming=true;charset=utf-8'
    'Server': 'Windows-Azure-Table/1.0 Microsoft-HTTPAPI/2.0'
    'x-ms-request-id': '5dbb3e91-7002-002d-0713-58335d000000'
    'x-ms-client-request-id': 'dc83a79c-c406-11ee-b1b8-0242ac120005'
    'x-ms-version': 'REDACTED'
    'X-Content-Type-Options': 'REDACTED'
    'Date': 'Mon, 05 Feb 2024 09:13:46 GMT'
[2024-02-05T09:13:44.497+0000] {python.py:194} INFO - Done. Returned value was: None
[2024-02-05T09:13:44.528+0000] {taskinstance.py:1400} INFO - Marking task as SUCCESS. dag_id=calculating_gross_margin, task_id=downloading_fundamentals, execution_date=20240204T000000, start_date=20240205T091342, end_date=20240205T091344
[2024-02-05T09:13:44.576+0000] {local_task_job_runner.py:228} INFO - Task exited with return code 0
[2024-02-05T09:13:44.635+0000] {taskinstance.py:2778} INFO - 0 downstream tasks scheduled from follow-on schedule check
