[2024-02-03T18:07:54.108+0000] {taskinstance.py:1159} INFO - Dependencies all met for dep_context=non-requeueable deps ti=<TaskInstance: calculating_gross_margin.downloading_fundamentals scheduled__2024-02-01T00:00:00+00:00 [queued]>
[2024-02-03T18:07:54.121+0000] {taskinstance.py:1159} INFO - Dependencies all met for dep_context=requeueable deps ti=<TaskInstance: calculating_gross_margin.downloading_fundamentals scheduled__2024-02-01T00:00:00+00:00 [queued]>
[2024-02-03T18:07:54.121+0000] {taskinstance.py:1361} INFO - Starting attempt 1 of 2
[2024-02-03T18:07:54.137+0000] {taskinstance.py:1382} INFO - Executing <Task(PythonOperator): downloading_fundamentals> on 2024-02-01 00:00:00+00:00
[2024-02-03T18:07:54.146+0000] {standard_task_runner.py:57} INFO - Started process 7249 to run task
[2024-02-03T18:07:54.154+0000] {standard_task_runner.py:84} INFO - Running: ['***', 'tasks', 'run', 'calculating_gross_margin', 'downloading_fundamentals', 'scheduled__2024-02-01T00:00:00+00:00', '--job-id', '167', '--raw', '--subdir', 'DAGS_FOLDER/fundamental_data_pipeline.py', '--cfg-path', '/tmp/tmp4gqrlqea']
[2024-02-03T18:07:54.162+0000] {standard_task_runner.py:85} INFO - Job 167: Subtask downloading_fundamentals
[2024-02-03T18:07:54.261+0000] {task_command.py:416} INFO - Running <TaskInstance: calculating_gross_margin.downloading_fundamentals scheduled__2024-02-01T00:00:00+00:00 [running]> on host 617d7a1a687e
[2024-02-03T18:07:54.355+0000] {taskinstance.py:1662} INFO - Exporting env vars: AIRFLOW_CTX_DAG_EMAIL='gerardchurch133@outlook.com' AIRFLOW_CTX_DAG_OWNER='Airflow' AIRFLOW_CTX_DAG_ID='calculating_gross_margin' AIRFLOW_CTX_TASK_ID='downloading_fundamentals' AIRFLOW_CTX_EXECUTION_DATE='2024-02-01T00:00:00+00:00' AIRFLOW_CTX_TRY_NUMBER='1' AIRFLOW_CTX_DAG_RUN_ID='scheduled__2024-02-01T00:00:00+00:00'
[2024-02-03T18:07:56.299+0000] {_universal.py:514} INFO - Request URL: 'https://datalakeuksouth2311.table.core.windows.net/fundamentalsraw()?$filter=REDACTED'
Request method: 'GET'
Request headers:
    'x-ms-version': 'REDACTED'
    'DataServiceVersion': 'REDACTED'
    'Accept': 'application/json;odata=minimalmetadata'
    'x-ms-client-request-id': '2822d324-c2bf-11ee-91e2-0242ac120005'
    'x-ms-date': 'REDACTED'
    'Date': 'Sat, 03 Feb 2024 18:07:56 GMT'
    'User-Agent': 'azsdk-python-data-tables/12.5.0 Python/3.8.18 (Linux-5.10.16.3-microsoft-standard-WSL2-x86_64-with-glibc2.2.5)'
    'Authorization': 'REDACTED'
No body was attached to the request
[2024-02-03T18:07:56.432+0000] {_universal.py:550} INFO - Response status: 200
Response headers:
    'Cache-Control': 'no-cache'
    'Transfer-Encoding': 'chunked'
    'Content-Type': 'application/json;odata=minimalmetadata;streaming=true;charset=utf-8'
    'Server': 'Windows-Azure-Table/1.0 Microsoft-HTTPAPI/2.0'
    'x-ms-request-id': '24fcd21d-9002-0068-65cb-56e6be000000'
    'x-ms-client-request-id': '2822d324-c2bf-11ee-91e2-0242ac120005'
    'x-ms-version': 'REDACTED'
    'X-Content-Type-Options': 'REDACTED'
    'Date': 'Sat, 03 Feb 2024 18:07:58 GMT'
[2024-02-03T18:07:56.450+0000] {python.py:194} INFO - Done. Returned value was: None
[2024-02-03T18:07:56.469+0000] {taskinstance.py:1400} INFO - Marking task as SUCCESS. dag_id=calculating_gross_margin, task_id=downloading_fundamentals, execution_date=20240201T000000, start_date=20240203T180754, end_date=20240203T180756
[2024-02-03T18:07:56.501+0000] {local_task_job_runner.py:228} INFO - Task exited with return code 0
[2024-02-03T18:07:56.533+0000] {taskinstance.py:2778} INFO - 1 downstream tasks scheduled from follow-on schedule check
