[2024-02-01T16:47:02.545+0000] {taskinstance.py:1159} INFO - Dependencies all met for dep_context=non-requeueable deps ti=<TaskInstance: calculating_gross_margin.checking_api_for_data manual__2024-02-01T16:46:26.498468+00:00 [queued]>
[2024-02-01T16:47:02.559+0000] {taskinstance.py:1159} INFO - Dependencies all met for dep_context=requeueable deps ti=<TaskInstance: calculating_gross_margin.checking_api_for_data manual__2024-02-01T16:46:26.498468+00:00 [queued]>
[2024-02-01T16:47:02.559+0000] {taskinstance.py:1361} INFO - Starting attempt 1 of 2
[2024-02-01T16:47:02.591+0000] {taskinstance.py:1382} INFO - Executing <Task(HttpSensor): checking_api_for_data> on 2024-02-01 16:46:26.498468+00:00
[2024-02-01T16:47:02.632+0000] {standard_task_runner.py:57} INFO - Started process 132 to run task
[2024-02-01T16:47:02.665+0000] {standard_task_runner.py:84} INFO - Running: ['***', 'tasks', 'run', 'calculating_gross_margin', 'checking_api_for_data', 'manual__2024-02-01T16:46:26.498468+00:00', '--job-id', '158', '--raw', '--subdir', 'DAGS_FOLDER/fundamental_data_pipeline.py', '--cfg-path', '/tmp/tmpetlg7qox']
[2024-02-01T16:47:02.720+0000] {standard_task_runner.py:85} INFO - Job 158: Subtask checking_api_for_data
[2024-02-01T16:47:03.428+0000] {task_command.py:416} INFO - Running <TaskInstance: calculating_gross_margin.checking_api_for_data manual__2024-02-01T16:46:26.498468+00:00 [running]> on host 617d7a1a687e
[2024-02-01T16:47:04.017+0000] {taskinstance.py:1662} INFO - Exporting env vars: AIRFLOW_CTX_DAG_EMAIL='gerardchurch133@outlook.com' AIRFLOW_CTX_DAG_OWNER='Airflow' AIRFLOW_CTX_DAG_ID='calculating_gross_margin' AIRFLOW_CTX_TASK_ID='checking_api_for_data' AIRFLOW_CTX_EXECUTION_DATE='2024-02-01T16:46:26.498468+00:00' AIRFLOW_CTX_TRY_NUMBER='1' AIRFLOW_CTX_DAG_RUN_ID='manual__2024-02-01T16:46:26.498468+00:00'
[2024-02-01T16:47:04.020+0000] {http.py:130} INFO - Poking: symbols/get-financials
[2024-02-01T16:47:04.062+0000] {base.py:73} INFO - Using connection ID 'rapid_api' for task execution.
[2024-02-01T16:47:07.975+0000] {_universal.py:514} INFO - Request URL: 'https://datalakeuksouth2311.table.core.windows.net/fundamentalsraw()?$filter=REDACTED'
Request method: 'GET'
Request headers:
    'x-ms-version': 'REDACTED'
    'DataServiceVersion': 'REDACTED'
    'Accept': 'application/json;odata=minimalmetadata'
    'x-ms-client-request-id': '89601880-c121-11ee-80e1-0242ac120005'
    'x-ms-date': 'REDACTED'
    'Date': 'Thu, 01 Feb 2024 16:47:07 GMT'
    'User-Agent': 'azsdk-python-data-tables/12.5.0 Python/3.8.18 (Linux-5.10.16.3-microsoft-standard-WSL2-x86_64-with-glibc2.2.5)'
    'Authorization': 'REDACTED'
No body was attached to the request
[2024-02-01T16:47:08.172+0000] {_universal.py:550} INFO - Response status: 200
Response headers:
    'Cache-Control': 'no-cache'
    'Transfer-Encoding': 'chunked'
    'Content-Type': 'application/json;odata=minimalmetadata;streaming=true;charset=utf-8'
    'Server': 'Windows-Azure-Table/1.0 Microsoft-HTTPAPI/2.0'
    'x-ms-request-id': '1f138b04-f002-000c-372e-551726000000'
    'x-ms-client-request-id': '89601880-c121-11ee-80e1-0242ac120005'
    'x-ms-version': 'REDACTED'
    'X-Content-Type-Options': 'REDACTED'
    'Date': 'Thu, 01 Feb 2024 16:47:10 GMT'
[2024-02-01T16:47:08.196+0000] {base.py:287} INFO - Success criteria met. Exiting.
[2024-02-01T16:47:08.213+0000] {taskinstance.py:1400} INFO - Marking task as SUCCESS. dag_id=calculating_gross_margin, task_id=checking_api_for_data, execution_date=20240201T164626, start_date=20240201T164702, end_date=20240201T164708
[2024-02-01T16:47:08.299+0000] {local_task_job_runner.py:228} INFO - Task exited with return code 0
[2024-02-01T16:47:08.340+0000] {taskinstance.py:2778} INFO - 1 downstream tasks scheduled from follow-on schedule check
