[2024-01-30T07:25:59.661+0000] {taskinstance.py:1159} INFO - Dependencies all met for dep_context=non-requeueable deps ti=<TaskInstance: downloading_fundamentals.downloading_fundamentals scheduled__2024-01-29T00:00:00+00:00 [queued]>
[2024-01-30T07:25:59.671+0000] {taskinstance.py:1159} INFO - Dependencies all met for dep_context=requeueable deps ti=<TaskInstance: downloading_fundamentals.downloading_fundamentals scheduled__2024-01-29T00:00:00+00:00 [queued]>
[2024-01-30T07:25:59.672+0000] {taskinstance.py:1361} INFO - Starting attempt 1 of 2
[2024-01-30T07:25:59.687+0000] {taskinstance.py:1382} INFO - Executing <Task(PythonOperator): downloading_fundamentals> on 2024-01-29 00:00:00+00:00
[2024-01-30T07:25:59.694+0000] {standard_task_runner.py:57} INFO - Started process 75 to run task
[2024-01-30T07:25:59.697+0000] {standard_task_runner.py:84} INFO - Running: ['***', 'tasks', 'run', 'downloading_fundamentals', 'downloading_fundamentals', 'scheduled__2024-01-29T00:00:00+00:00', '--job-id', '64', '--raw', '--subdir', 'DAGS_FOLDER/fundamental_data_pipeline.py', '--cfg-path', '/tmp/tmpjhgdkg20']
[2024-01-30T07:25:59.707+0000] {standard_task_runner.py:85} INFO - Job 64: Subtask downloading_fundamentals
[2024-01-30T07:25:59.809+0000] {task_command.py:416} INFO - Running <TaskInstance: downloading_fundamentals.downloading_fundamentals scheduled__2024-01-29T00:00:00+00:00 [running]> on host c7ab13dc72cf
[2024-01-30T07:25:59.907+0000] {taskinstance.py:1662} INFO - Exporting env vars: AIRFLOW_CTX_DAG_EMAIL='gerardchurch133@gmail.com' AIRFLOW_CTX_DAG_OWNER='Airflow' AIRFLOW_CTX_DAG_ID='downloading_fundamentals' AIRFLOW_CTX_TASK_ID='downloading_fundamentals' AIRFLOW_CTX_EXECUTION_DATE='2024-01-29T00:00:00+00:00' AIRFLOW_CTX_TRY_NUMBER='1' AIRFLOW_CTX_DAG_RUN_ID='scheduled__2024-01-29T00:00:00+00:00'
[2024-01-30T07:26:02.704+0000] {_universal.py:511} INFO - Request URL: 'https://datalakeuksouth2311.table.core.windows.net/fundamentalsraw/fundamentalsraw'
Request method: 'POST'
Request headers:
    'Content-Type': 'application/json;odata=nometadata'
    'Content-Length': '18176'
    'x-ms-version': 'REDACTED'
    'DataServiceVersion': 'REDACTED'
    'Accept': 'application/json;odata=minimalmetadata'
    'x-ms-client-request-id': 'd2978746-bf40-11ee-8d1f-0242ac150007'
    'x-ms-date': 'REDACTED'
    'Date': 'Tue, 30 Jan 2024 07:26:02 GMT'
    'User-Agent': 'azsdk-python-data-tables/12.5.0 Python/3.8.18 (Linux-5.10.16.3-microsoft-standard-WSL2-x86_64-with-glibc2.2.5)'
    'Authorization': 'REDACTED'
A body is sent with the request
[2024-01-30T07:26:03.020+0000] {_universal.py:550} INFO - Response status: 201
Response headers:
    'Cache-Control': 'no-cache'
    'Transfer-Encoding': 'chunked'
    'Content-Type': 'application/json;odata=minimalmetadata;streaming=true;charset=utf-8'
    'ETag': 'W/"datetime'2024-01-30T07%3A26%3A05.7922029Z'"'
    'Location': 'REDACTED'
    'Server': 'Windows-Azure-Table/1.0 Microsoft-HTTPAPI/2.0'
    'x-ms-request-id': '51a70a22-b002-0022-7c4d-534531000000'
    'x-ms-client-request-id': 'd2978746-bf40-11ee-8d1f-0242ac150007'
    'x-ms-version': 'REDACTED'
    'X-Content-Type-Options': 'REDACTED'
    'Date': 'Tue, 30 Jan 2024 07:26:05 GMT'
[2024-01-30T07:26:03.029+0000] {_universal.py:511} INFO - Request URL: 'https://datalakeuksouth2311.table.core.windows.net/fundamentalsraw/fundamentalsraw'
Request method: 'POST'
Request headers:
    'Content-Type': 'application/json;odata=nometadata'
    'Content-Length': '18126'
    'x-ms-version': 'REDACTED'
    'DataServiceVersion': 'REDACTED'
    'Accept': 'application/json;odata=minimalmetadata'
    'x-ms-client-request-id': 'd2c9731e-bf40-11ee-8d1f-0242ac150007'
    'x-ms-date': 'REDACTED'
    'Date': 'Tue, 30 Jan 2024 07:26:03 GMT'
    'User-Agent': 'azsdk-python-data-tables/12.5.0 Python/3.8.18 (Linux-5.10.16.3-microsoft-standard-WSL2-x86_64-with-glibc2.2.5)'
    'Authorization': 'REDACTED'
A body is sent with the request
[2024-01-30T07:26:03.141+0000] {_universal.py:550} INFO - Response status: 201
Response headers:
    'Cache-Control': 'no-cache'
    'Transfer-Encoding': 'chunked'
    'Content-Type': 'application/json;odata=minimalmetadata;streaming=true;charset=utf-8'
    'ETag': 'W/"datetime'2024-01-30T07%3A26%3A05.974402Z'"'
    'Location': 'REDACTED'
    'Server': 'Windows-Azure-Table/1.0 Microsoft-HTTPAPI/2.0'
    'x-ms-request-id': '51a70a50-b002-0022-274d-534531000000'
    'x-ms-client-request-id': 'd2c9731e-bf40-11ee-8d1f-0242ac150007'
    'x-ms-version': 'REDACTED'
    'X-Content-Type-Options': 'REDACTED'
    'Date': 'Tue, 30 Jan 2024 07:26:05 GMT'
[2024-01-30T07:26:03.148+0000] {_universal.py:511} INFO - Request URL: 'https://datalakeuksouth2311.table.core.windows.net/fundamentalsraw/fundamentalsraw'
Request method: 'POST'
Request headers:
    'Content-Type': 'application/json;odata=nometadata'
    'Content-Length': '18146'
    'x-ms-version': 'REDACTED'
    'DataServiceVersion': 'REDACTED'
    'Accept': 'application/json;odata=minimalmetadata'
    'x-ms-client-request-id': 'd2db903a-bf40-11ee-8d1f-0242ac150007'
    'x-ms-date': 'REDACTED'
    'Date': 'Tue, 30 Jan 2024 07:26:03 GMT'
    'User-Agent': 'azsdk-python-data-tables/12.5.0 Python/3.8.18 (Linux-5.10.16.3-microsoft-standard-WSL2-x86_64-with-glibc2.2.5)'
    'Authorization': 'REDACTED'
A body is sent with the request
[2024-01-30T07:26:03.252+0000] {_universal.py:550} INFO - Response status: 201
Response headers:
    'Cache-Control': 'no-cache'
    'Transfer-Encoding': 'chunked'
    'Content-Type': 'application/json;odata=minimalmetadata;streaming=true;charset=utf-8'
    'ETag': 'W/"datetime'2024-01-30T07%3A26%3A06.1008467Z'"'
    'Location': 'REDACTED'
    'Server': 'Windows-Azure-Table/1.0 Microsoft-HTTPAPI/2.0'
    'x-ms-request-id': '51a70a71-b002-0022-444d-534531000000'
    'x-ms-client-request-id': 'd2db903a-bf40-11ee-8d1f-0242ac150007'
    'x-ms-version': 'REDACTED'
    'X-Content-Type-Options': 'REDACTED'
    'Date': 'Tue, 30 Jan 2024 07:26:05 GMT'
[2024-01-30T07:26:03.261+0000] {_universal.py:511} INFO - Request URL: 'https://datalakeuksouth2311.table.core.windows.net/fundamentalsraw/fundamentalsraw'
Request method: 'POST'
Request headers:
    'Content-Type': 'application/json;odata=nometadata'
    'Content-Length': '18120'
    'x-ms-version': 'REDACTED'
    'DataServiceVersion': 'REDACTED'
    'Accept': 'application/json;odata=minimalmetadata'
    'x-ms-client-request-id': 'd2ecc116-bf40-11ee-8d1f-0242ac150007'
    'x-ms-date': 'REDACTED'
    'Date': 'Tue, 30 Jan 2024 07:26:03 GMT'
    'User-Agent': 'azsdk-python-data-tables/12.5.0 Python/3.8.18 (Linux-5.10.16.3-microsoft-standard-WSL2-x86_64-with-glibc2.2.5)'
    'Authorization': 'REDACTED'
A body is sent with the request
[2024-01-30T07:26:03.316+0000] {_universal.py:550} INFO - Response status: 201
Response headers:
    'Cache-Control': 'no-cache'
    'Transfer-Encoding': 'chunked'
    'Content-Type': 'application/json;odata=minimalmetadata;streaming=true;charset=utf-8'
    'ETag': 'W/"datetime'2024-01-30T07%3A26%3A06.2093692Z'"'
    'Location': 'REDACTED'
    'Server': 'Windows-Azure-Table/1.0 Microsoft-HTTPAPI/2.0'
    'x-ms-request-id': '51a70a85-b002-0022-584d-534531000000'
    'x-ms-client-request-id': 'd2ecc116-bf40-11ee-8d1f-0242ac150007'
    'x-ms-version': 'REDACTED'
    'X-Content-Type-Options': 'REDACTED'
    'Date': 'Tue, 30 Jan 2024 07:26:05 GMT'
[2024-01-30T07:26:03.322+0000] {_universal.py:511} INFO - Request URL: 'https://datalakeuksouth2311.table.core.windows.net/fundamentalsraw/fundamentalsraw'
Request method: 'POST'
Request headers:
    'Content-Type': 'application/json;odata=nometadata'
    'Content-Length': '17937'
    'x-ms-version': 'REDACTED'
    'DataServiceVersion': 'REDACTED'
    'Accept': 'application/json;odata=minimalmetadata'
    'x-ms-client-request-id': 'd2f619aa-bf40-11ee-8d1f-0242ac150007'
    'x-ms-date': 'REDACTED'
    'Date': 'Tue, 30 Jan 2024 07:26:03 GMT'
    'User-Agent': 'azsdk-python-data-tables/12.5.0 Python/3.8.18 (Linux-5.10.16.3-microsoft-standard-WSL2-x86_64-with-glibc2.2.5)'
    'Authorization': 'REDACTED'
A body is sent with the request
[2024-01-30T07:26:03.383+0000] {_universal.py:550} INFO - Response status: 201
Response headers:
    'Cache-Control': 'no-cache'
    'Transfer-Encoding': 'chunked'
    'Content-Type': 'application/json;odata=minimalmetadata;streaming=true;charset=utf-8'
    'ETag': 'W/"datetime'2024-01-30T07%3A26%3A06.2681108Z'"'
    'Location': 'REDACTED'
    'Server': 'Windows-Azure-Table/1.0 Microsoft-HTTPAPI/2.0'
    'x-ms-request-id': '51a70a95-b002-0022-674d-534531000000'
    'x-ms-client-request-id': 'd2f619aa-bf40-11ee-8d1f-0242ac150007'
    'x-ms-version': 'REDACTED'
    'X-Content-Type-Options': 'REDACTED'
    'Date': 'Tue, 30 Jan 2024 07:26:05 GMT'
[2024-01-30T07:26:03.386+0000] {python.py:194} INFO - Done. Returned value was: None
[2024-01-30T07:26:03.403+0000] {taskinstance.py:1400} INFO - Marking task as SUCCESS. dag_id=downloading_fundamentals, task_id=downloading_fundamentals, execution_date=20240129T000000, start_date=20240130T072559, end_date=20240130T072603
[2024-01-30T07:26:03.446+0000] {local_task_job_runner.py:228} INFO - Task exited with return code 0
[2024-01-30T07:26:03.493+0000] {taskinstance.py:2778} INFO - 1 downstream tasks scheduled from follow-on schedule check
