[2024-01-28T15:08:13.897+0000] {taskinstance.py:1159} INFO - Dependencies all met for dep_context=non-requeueable deps ti=<TaskInstance: downloading_fundamentals.downloading_fundamentals manual__2024-01-28T15:08:12.220506+00:00 [queued]>
[2024-01-28T15:08:13.905+0000] {taskinstance.py:1159} INFO - Dependencies all met for dep_context=requeueable deps ti=<TaskInstance: downloading_fundamentals.downloading_fundamentals manual__2024-01-28T15:08:12.220506+00:00 [queued]>
[2024-01-28T15:08:13.905+0000] {taskinstance.py:1361} INFO - Starting attempt 1 of 2
[2024-01-28T15:08:13.919+0000] {taskinstance.py:1382} INFO - Executing <Task(PythonOperator): downloading_fundamentals> on 2024-01-28 15:08:12.220506+00:00
[2024-01-28T15:08:13.927+0000] {standard_task_runner.py:57} INFO - Started process 184 to run task
[2024-01-28T15:08:13.930+0000] {standard_task_runner.py:84} INFO - Running: ['***', 'tasks', 'run', 'downloading_fundamentals', 'downloading_fundamentals', 'manual__2024-01-28T15:08:12.220506+00:00', '--job-id', '29', '--raw', '--subdir', 'DAGS_FOLDER/fundamental_data_pipeline.py', '--cfg-path', '/tmp/tmpwjc8lfw8']
[2024-01-28T15:08:13.935+0000] {standard_task_runner.py:85} INFO - Job 29: Subtask downloading_fundamentals
[2024-01-28T15:08:13.989+0000] {task_command.py:416} INFO - Running <TaskInstance: downloading_fundamentals.downloading_fundamentals manual__2024-01-28T15:08:12.220506+00:00 [running]> on host 9188b4dc4885
[2024-01-28T15:08:14.070+0000] {taskinstance.py:1662} INFO - Exporting env vars: AIRFLOW_CTX_DAG_EMAIL='gerardchurch133@gmail.com' AIRFLOW_CTX_DAG_OWNER='Airflow' AIRFLOW_CTX_DAG_ID='downloading_fundamentals' AIRFLOW_CTX_TASK_ID='downloading_fundamentals' AIRFLOW_CTX_EXECUTION_DATE='2024-01-28T15:08:12.220506+00:00' AIRFLOW_CTX_TRY_NUMBER='1' AIRFLOW_CTX_DAG_RUN_ID='manual__2024-01-28T15:08:12.220506+00:00'
[2024-01-28T15:08:16.828+0000] {_universal.py:511} INFO - Request URL: 'https://datalakeuksouth2311.table.core.windows.net/fundamentalsraw/fundamentalsraw'
Request method: 'POST'
Request headers:
    'Content-Type': 'application/json;odata=nometadata'
    'Content-Length': '18176'
    'x-ms-version': 'REDACTED'
    'DataServiceVersion': 'REDACTED'
    'Accept': 'application/json;odata=minimalmetadata'
    'x-ms-client-request-id': '1097d6a2-bdef-11ee-9ea4-0242ac140004'
    'x-ms-date': 'REDACTED'
    'Date': 'Sun, 28 Jan 2024 15:08:16 GMT'
    'User-Agent': 'azsdk-python-data-tables/12.5.0 Python/3.8.18 (Linux-5.10.16.3-microsoft-standard-WSL2-x86_64-with-glibc2.2.5)'
    'Authorization': 'REDACTED'
A body is sent with the request
[2024-01-28T15:08:16.975+0000] {_universal.py:550} INFO - Response status: 201
Response headers:
    'Cache-Control': 'no-cache'
    'Transfer-Encoding': 'chunked'
    'Content-Type': 'application/json;odata=minimalmetadata;streaming=true;charset=utf-8'
    'ETag': 'W/"datetime'2024-01-28T15%3A08%3A17.4742722Z'"'
    'Location': 'REDACTED'
    'Server': 'Windows-Azure-Table/1.0 Microsoft-HTTPAPI/2.0'
    'x-ms-request-id': '2971f8ad-0002-0018-5afb-515f49000000'
    'x-ms-client-request-id': '1097d6a2-bdef-11ee-9ea4-0242ac140004'
    'x-ms-version': 'REDACTED'
    'X-Content-Type-Options': 'REDACTED'
    'Date': 'Sun, 28 Jan 2024 15:08:17 GMT'
[2024-01-28T15:08:16.980+0000] {_universal.py:511} INFO - Request URL: 'https://datalakeuksouth2311.table.core.windows.net/fundamentalsraw/fundamentalsraw'
Request method: 'POST'
Request headers:
    'Content-Type': 'application/json;odata=nometadata'
    'Content-Length': '18126'
    'x-ms-version': 'REDACTED'
    'DataServiceVersion': 'REDACTED'
    'Accept': 'application/json;odata=minimalmetadata'
    'x-ms-client-request-id': '10aeff80-bdef-11ee-9ea4-0242ac140004'
    'x-ms-date': 'REDACTED'
    'Date': 'Sun, 28 Jan 2024 15:08:16 GMT'
    'User-Agent': 'azsdk-python-data-tables/12.5.0 Python/3.8.18 (Linux-5.10.16.3-microsoft-standard-WSL2-x86_64-with-glibc2.2.5)'
    'Authorization': 'REDACTED'
A body is sent with the request
[2024-01-28T15:08:17.070+0000] {_universal.py:550} INFO - Response status: 201
Response headers:
    'Cache-Control': 'no-cache'
    'Transfer-Encoding': 'chunked'
    'Content-Type': 'application/json;odata=minimalmetadata;streaming=true;charset=utf-8'
    'ETag': 'W/"datetime'2024-01-28T15%3A08%3A17.5280335Z'"'
    'Location': 'REDACTED'
    'Server': 'Windows-Azure-Table/1.0 Microsoft-HTTPAPI/2.0'
    'x-ms-request-id': '2971f8b5-0002-0018-5ffb-515f49000000'
    'x-ms-client-request-id': '10aeff80-bdef-11ee-9ea4-0242ac140004'
    'x-ms-version': 'REDACTED'
    'X-Content-Type-Options': 'REDACTED'
    'Date': 'Sun, 28 Jan 2024 15:08:17 GMT'
[2024-01-28T15:08:17.074+0000] {_universal.py:511} INFO - Request URL: 'https://datalakeuksouth2311.table.core.windows.net/fundamentalsraw/fundamentalsraw'
Request method: 'POST'
Request headers:
    'Content-Type': 'application/json;odata=nometadata'
    'Content-Length': '18146'
    'x-ms-version': 'REDACTED'
    'DataServiceVersion': 'REDACTED'
    'Accept': 'application/json;odata=minimalmetadata'
    'x-ms-client-request-id': '10bd49d2-bdef-11ee-9ea4-0242ac140004'
    'x-ms-date': 'REDACTED'
    'Date': 'Sun, 28 Jan 2024 15:08:17 GMT'
    'User-Agent': 'azsdk-python-data-tables/12.5.0 Python/3.8.18 (Linux-5.10.16.3-microsoft-standard-WSL2-x86_64-with-glibc2.2.5)'
    'Authorization': 'REDACTED'
A body is sent with the request
[2024-01-28T15:08:17.117+0000] {_universal.py:550} INFO - Response status: 201
Response headers:
    'Cache-Control': 'no-cache'
    'Transfer-Encoding': 'chunked'
    'Content-Type': 'application/json;odata=minimalmetadata;streaming=true;charset=utf-8'
    'ETag': 'W/"datetime'2024-01-28T15%3A08%3A17.6196332Z'"'
    'Location': 'REDACTED'
    'Server': 'Windows-Azure-Table/1.0 Microsoft-HTTPAPI/2.0'
    'x-ms-request-id': '2971f8c5-0002-0018-6efb-515f49000000'
    'x-ms-client-request-id': '10bd49d2-bdef-11ee-9ea4-0242ac140004'
    'x-ms-version': 'REDACTED'
    'X-Content-Type-Options': 'REDACTED'
    'Date': 'Sun, 28 Jan 2024 15:08:17 GMT'
[2024-01-28T15:08:17.120+0000] {_universal.py:511} INFO - Request URL: 'https://datalakeuksouth2311.table.core.windows.net/fundamentalsraw/fundamentalsraw'
Request method: 'POST'
Request headers:
    'Content-Type': 'application/json;odata=nometadata'
    'Content-Length': '18120'
    'x-ms-version': 'REDACTED'
    'DataServiceVersion': 'REDACTED'
    'Accept': 'application/json;odata=minimalmetadata'
    'x-ms-client-request-id': '10c46190-bdef-11ee-9ea4-0242ac140004'
    'x-ms-date': 'REDACTED'
    'Date': 'Sun, 28 Jan 2024 15:08:17 GMT'
    'User-Agent': 'azsdk-python-data-tables/12.5.0 Python/3.8.18 (Linux-5.10.16.3-microsoft-standard-WSL2-x86_64-with-glibc2.2.5)'
    'Authorization': 'REDACTED'
A body is sent with the request
[2024-01-28T15:08:17.162+0000] {_universal.py:550} INFO - Response status: 201
Response headers:
    'Cache-Control': 'no-cache'
    'Transfer-Encoding': 'chunked'
    'Content-Type': 'application/json;odata=minimalmetadata;streaming=true;charset=utf-8'
    'ETag': 'W/"datetime'2024-01-28T15%3A08%3A17.664435Z'"'
    'Location': 'REDACTED'
    'Server': 'Windows-Azure-Table/1.0 Microsoft-HTTPAPI/2.0'
    'x-ms-request-id': '2971f8d0-0002-0018-77fb-515f49000000'
    'x-ms-client-request-id': '10c46190-bdef-11ee-9ea4-0242ac140004'
    'x-ms-version': 'REDACTED'
    'X-Content-Type-Options': 'REDACTED'
    'Date': 'Sun, 28 Jan 2024 15:08:17 GMT'
[2024-01-28T15:08:17.165+0000] {_universal.py:511} INFO - Request URL: 'https://datalakeuksouth2311.table.core.windows.net/fundamentalsraw/fundamentalsraw'
Request method: 'POST'
Request headers:
    'Content-Type': 'application/json;odata=nometadata'
    'Content-Length': '17937'
    'x-ms-version': 'REDACTED'
    'DataServiceVersion': 'REDACTED'
    'Accept': 'application/json;odata=minimalmetadata'
    'x-ms-client-request-id': '10cb4564-bdef-11ee-9ea4-0242ac140004'
    'x-ms-date': 'REDACTED'
    'Date': 'Sun, 28 Jan 2024 15:08:17 GMT'
    'User-Agent': 'azsdk-python-data-tables/12.5.0 Python/3.8.18 (Linux-5.10.16.3-microsoft-standard-WSL2-x86_64-with-glibc2.2.5)'
    'Authorization': 'REDACTED'
A body is sent with the request
[2024-01-28T15:08:17.229+0000] {_universal.py:550} INFO - Response status: 201
Response headers:
    'Cache-Control': 'no-cache'
    'Transfer-Encoding': 'chunked'
    'Content-Type': 'application/json;odata=minimalmetadata;streaming=true;charset=utf-8'
    'ETag': 'W/"datetime'2024-01-28T15%3A08%3A17.7092383Z'"'
    'Location': 'REDACTED'
    'Server': 'Windows-Azure-Table/1.0 Microsoft-HTTPAPI/2.0'
    'x-ms-request-id': '2971f8d5-0002-0018-7cfb-515f49000000'
    'x-ms-client-request-id': '10cb4564-bdef-11ee-9ea4-0242ac140004'
    'x-ms-version': 'REDACTED'
    'X-Content-Type-Options': 'REDACTED'
    'Date': 'Sun, 28 Jan 2024 15:08:17 GMT'
[2024-01-28T15:08:17.233+0000] {python.py:194} INFO - Done. Returned value was: None
[2024-01-28T15:08:17.241+0000] {taskinstance.py:1400} INFO - Marking task as SUCCESS. dag_id=downloading_fundamentals, task_id=downloading_fundamentals, execution_date=20240128T150812, start_date=20240128T150813, end_date=20240128T150817
[2024-01-28T15:08:17.276+0000] {local_task_job_runner.py:228} INFO - Task exited with return code 0
[2024-01-28T15:08:17.290+0000] {taskinstance.py:2778} INFO - 0 downstream tasks scheduled from follow-on schedule check
