[2024-02-01T13:02:41.612+0000] {taskinstance.py:1159} INFO - Dependencies all met for dep_context=non-requeueable deps ti=<TaskInstance: calculating_gross_margin.downloading_fundamentals manual__2024-02-01T13:02:30.616028+00:00 [queued]>
[2024-02-01T13:02:41.622+0000] {taskinstance.py:1159} INFO - Dependencies all met for dep_context=requeueable deps ti=<TaskInstance: calculating_gross_margin.downloading_fundamentals manual__2024-02-01T13:02:30.616028+00:00 [queued]>
[2024-02-01T13:02:41.623+0000] {taskinstance.py:1361} INFO - Starting attempt 1 of 2
[2024-02-01T13:02:41.634+0000] {taskinstance.py:1382} INFO - Executing <Task(PythonOperator): downloading_fundamentals> on 2024-02-01 13:02:30.616028+00:00
[2024-02-01T13:02:41.640+0000] {standard_task_runner.py:57} INFO - Started process 82 to run task
[2024-02-01T13:02:41.643+0000] {standard_task_runner.py:84} INFO - Running: ['***', 'tasks', 'run', 'calculating_gross_margin', 'downloading_fundamentals', 'manual__2024-02-01T13:02:30.616028+00:00', '--job-id', '145', '--raw', '--subdir', 'DAGS_FOLDER/fundamental_data_pipeline.py', '--cfg-path', '/tmp/tmptxb15nnw']
[2024-02-01T13:02:41.647+0000] {standard_task_runner.py:85} INFO - Job 145: Subtask downloading_fundamentals
[2024-02-01T13:02:41.708+0000] {task_command.py:416} INFO - Running <TaskInstance: calculating_gross_margin.downloading_fundamentals manual__2024-02-01T13:02:30.616028+00:00 [running]> on host d7da08e2df39
[2024-02-01T13:02:41.780+0000] {taskinstance.py:1662} INFO - Exporting env vars: AIRFLOW_CTX_DAG_EMAIL='gerardchurch133@outlook.com' AIRFLOW_CTX_DAG_OWNER='Airflow' AIRFLOW_CTX_DAG_ID='calculating_gross_margin' AIRFLOW_CTX_TASK_ID='downloading_fundamentals' AIRFLOW_CTX_EXECUTION_DATE='2024-02-01T13:02:30.616028+00:00' AIRFLOW_CTX_TRY_NUMBER='1' AIRFLOW_CTX_DAG_RUN_ID='manual__2024-02-01T13:02:30.616028+00:00'
[2024-02-01T13:02:43.436+0000] {_universal.py:514} INFO - Request URL: 'https://datalakeuksouth2311.table.core.windows.net/fundamentalsraw()?$filter=REDACTED'
Request method: 'GET'
Request headers:
    'x-ms-version': 'REDACTED'
    'DataServiceVersion': 'REDACTED'
    'Accept': 'application/json;odata=minimalmetadata'
    'x-ms-client-request-id': '2ffe6a04-c102-11ee-9c81-0242ac180007'
    'x-ms-date': 'REDACTED'
    'Date': 'Thu, 01 Feb 2024 13:02:43 GMT'
    'User-Agent': 'azsdk-python-data-tables/12.5.0 Python/3.8.18 (Linux-5.10.16.3-microsoft-standard-WSL2-x86_64-with-glibc2.2.5)'
    'Authorization': 'REDACTED'
No body was attached to the request
[2024-02-01T13:02:43.593+0000] {_universal.py:550} INFO - Response status: 200
Response headers:
    'Cache-Control': 'no-cache'
    'Transfer-Encoding': 'chunked'
    'Content-Type': 'application/json;odata=minimalmetadata;streaming=true;charset=utf-8'
    'Server': 'Windows-Azure-Table/1.0 Microsoft-HTTPAPI/2.0'
    'x-ms-request-id': '69eedad2-1002-0076-430e-550a66000000'
    'x-ms-client-request-id': '2ffe6a04-c102-11ee-9c81-0242ac180007'
    'x-ms-version': 'REDACTED'
    'X-Content-Type-Options': 'REDACTED'
    'Date': 'Thu, 01 Feb 2024 13:02:45 GMT'
[2024-02-01T13:02:43.607+0000] {_universal.py:511} INFO - Request URL: 'https://datalakeuksouth2311.table.core.windows.net/fundamentalsraw'
Request method: 'POST'
Request headers:
    'Content-Type': 'application/json;odata=nometadata'
    'Content-Length': '18120'
    'x-ms-version': 'REDACTED'
    'DataServiceVersion': 'REDACTED'
    'Accept': 'application/json;odata=minimalmetadata'
    'x-ms-client-request-id': '30188254-c102-11ee-9c81-0242ac180007'
    'x-ms-date': 'REDACTED'
    'Date': 'Thu, 01 Feb 2024 13:02:43 GMT'
    'User-Agent': 'azsdk-python-data-tables/12.5.0 Python/3.8.18 (Linux-5.10.16.3-microsoft-standard-WSL2-x86_64-with-glibc2.2.5)'
    'Authorization': 'REDACTED'
A body is sent with the request
[2024-02-01T13:02:43.660+0000] {_universal.py:550} INFO - Response status: 201
Response headers:
    'Cache-Control': 'no-cache'
    'Transfer-Encoding': 'chunked'
    'Content-Type': 'application/json;odata=minimalmetadata;streaming=true;charset=utf-8'
    'ETag': 'W/"datetime'2024-02-01T13%3A02%3A46.0206713Z'"'
    'Location': 'REDACTED'
    'Server': 'Windows-Azure-Table/1.0 Microsoft-HTTPAPI/2.0'
    'x-ms-request-id': '69eedae5-1002-0076-530e-550a66000000'
    'x-ms-client-request-id': '30188254-c102-11ee-9c81-0242ac180007'
    'x-ms-version': 'REDACTED'
    'X-Content-Type-Options': 'REDACTED'
    'Date': 'Thu, 01 Feb 2024 13:02:45 GMT'
[2024-02-01T13:02:43.661+0000] {python.py:194} INFO - Done. Returned value was: None
[2024-02-01T13:02:43.669+0000] {taskinstance.py:1400} INFO - Marking task as SUCCESS. dag_id=calculating_gross_margin, task_id=downloading_fundamentals, execution_date=20240201T130230, start_date=20240201T130241, end_date=20240201T130243
[2024-02-01T13:02:43.703+0000] {local_task_job_runner.py:228} INFO - Task exited with return code 0
[2024-02-01T13:02:43.728+0000] {taskinstance.py:2778} INFO - 1 downstream tasks scheduled from follow-on schedule check
