[2024-02-01T13:13:35.465+0000] {taskinstance.py:1159} INFO - Dependencies all met for dep_context=non-requeueable deps ti=<TaskInstance: calculating_gross_margin.calculating_gross_margin manual__2024-02-01T13:13:22.501542+00:00 [queued]>
[2024-02-01T13:13:35.475+0000] {taskinstance.py:1159} INFO - Dependencies all met for dep_context=requeueable deps ti=<TaskInstance: calculating_gross_margin.calculating_gross_margin manual__2024-02-01T13:13:22.501542+00:00 [queued]>
[2024-02-01T13:13:35.476+0000] {taskinstance.py:1361} INFO - Starting attempt 1 of 2
[2024-02-01T13:13:35.491+0000] {taskinstance.py:1382} INFO - Executing <Task(PythonOperator): calculating_gross_margin> on 2024-02-01 13:13:22.501542+00:00
[2024-02-01T13:13:35.498+0000] {standard_task_runner.py:57} INFO - Started process 152 to run task
[2024-02-01T13:13:35.501+0000] {standard_task_runner.py:84} INFO - Running: ['***', 'tasks', 'run', 'calculating_gross_margin', 'calculating_gross_margin', 'manual__2024-02-01T13:13:22.501542+00:00', '--job-id', '153', '--raw', '--subdir', 'DAGS_FOLDER/fundamental_data_pipeline.py', '--cfg-path', '/tmp/tmp2s3azara']
[2024-02-01T13:13:35.504+0000] {standard_task_runner.py:85} INFO - Job 153: Subtask calculating_gross_margin
[2024-02-01T13:13:35.582+0000] {task_command.py:416} INFO - Running <TaskInstance: calculating_gross_margin.calculating_gross_margin manual__2024-02-01T13:13:22.501542+00:00 [running]> on host 2bde46af8daf
[2024-02-01T13:13:35.903+0000] {taskinstance.py:1662} INFO - Exporting env vars: AIRFLOW_CTX_DAG_EMAIL='gerardchurch133@outlook.com' AIRFLOW_CTX_DAG_OWNER='Airflow' AIRFLOW_CTX_DAG_ID='calculating_gross_margin' AIRFLOW_CTX_TASK_ID='calculating_gross_margin' AIRFLOW_CTX_EXECUTION_DATE='2024-02-01T13:13:22.501542+00:00' AIRFLOW_CTX_TRY_NUMBER='1' AIRFLOW_CTX_DAG_RUN_ID='manual__2024-02-01T13:13:22.501542+00:00'
[2024-02-01T13:13:40.335+0000] {_universal.py:514} INFO - Request URL: 'https://datalakeuksouth2311.table.core.windows.net/fundamentalsraw()?$filter=REDACTED'
Request method: 'GET'
Request headers:
    'x-ms-version': 'REDACTED'
    'DataServiceVersion': 'REDACTED'
    'Accept': 'application/json;odata=minimalmetadata'
    'x-ms-client-request-id': 'b7891e96-c103-11ee-8f7d-0242ac180007'
    'x-ms-date': 'REDACTED'
    'Date': 'Thu, 01 Feb 2024 13:13:40 GMT'
    'User-Agent': 'azsdk-python-data-tables/12.5.0 Python/3.8.18 (Linux-5.10.16.3-microsoft-standard-WSL2-x86_64-with-glibc2.2.5)'
    'Authorization': 'REDACTED'
No body was attached to the request
[2024-02-01T13:13:40.463+0000] {_universal.py:550} INFO - Response status: 200
Response headers:
    'Cache-Control': 'no-cache'
    'Transfer-Encoding': 'chunked'
    'Content-Type': 'application/json;odata=minimalmetadata;streaming=true;charset=utf-8'
    'Server': 'Windows-Azure-Table/1.0 Microsoft-HTTPAPI/2.0'
    'x-ms-request-id': '26342f2b-d002-0069-0b10-55b962000000'
    'x-ms-client-request-id': 'b7891e96-c103-11ee-8f7d-0242ac180007'
    'x-ms-version': 'REDACTED'
    'X-Content-Type-Options': 'REDACTED'
    'Date': 'Thu, 01 Feb 2024 13:13:41 GMT'
[2024-02-01T13:13:42.362+0000] {_universal.py:514} INFO - Request URL: 'https://datalakeuksouth2311.table.core.windows.net/fundamentals()?$filter=REDACTED'
Request method: 'GET'
Request headers:
    'x-ms-version': 'REDACTED'
    'DataServiceVersion': 'REDACTED'
    'Accept': 'application/json;odata=minimalmetadata'
    'x-ms-client-request-id': 'b8be7e64-c103-11ee-8f7d-0242ac180007'
    'x-ms-date': 'REDACTED'
    'Date': 'Thu, 01 Feb 2024 13:13:42 GMT'
    'User-Agent': 'azsdk-python-data-tables/12.5.0 Python/3.8.18 (Linux-5.10.16.3-microsoft-standard-WSL2-x86_64-with-glibc2.2.5)'
    'Authorization': 'REDACTED'
No body was attached to the request
[2024-02-01T13:13:42.379+0000] {_universal.py:550} INFO - Response status: 200
Response headers:
    'Cache-Control': 'no-cache'
    'Transfer-Encoding': 'chunked'
    'Content-Type': 'application/json;odata=minimalmetadata;streaming=true;charset=utf-8'
    'Server': 'Windows-Azure-Table/1.0 Microsoft-HTTPAPI/2.0'
    'x-ms-request-id': '26342f93-d002-0069-6d10-55b962000000'
    'x-ms-client-request-id': 'b8be7e64-c103-11ee-8f7d-0242ac180007'
    'x-ms-version': 'REDACTED'
    'X-Content-Type-Options': 'REDACTED'
    'Date': 'Thu, 01 Feb 2024 13:13:43 GMT'
[2024-02-01T13:13:47.324+0000] {_universal.py:511} INFO - Request URL: 'https://datalakeuksouth2311.table.core.windows.net/fundamentals'
Request method: 'POST'
Request headers:
    'Content-Type': 'application/json;odata=nometadata'
    'Content-Length': '363'
    'x-ms-version': 'REDACTED'
    'DataServiceVersion': 'REDACTED'
    'Accept': 'application/json;odata=minimalmetadata'
    'x-ms-client-request-id': 'bbb3ac52-c103-11ee-8f7d-0242ac180007'
    'x-ms-date': 'REDACTED'
    'Date': 'Thu, 01 Feb 2024 13:13:47 GMT'
    'User-Agent': 'azsdk-python-data-tables/12.5.0 Python/3.8.18 (Linux-5.10.16.3-microsoft-standard-WSL2-x86_64-with-glibc2.2.5)'
    'Authorization': 'REDACTED'
A body is sent with the request
[2024-02-01T13:13:47.366+0000] {_universal.py:550} INFO - Response status: 201
Response headers:
    'Cache-Control': 'no-cache'
    'Transfer-Encoding': 'chunked'
    'Content-Type': 'application/json;odata=minimalmetadata;streaming=true;charset=utf-8'
    'ETag': 'W/"datetime'2024-02-01T13%3A13%3A49.744761Z'"'
    'Location': 'REDACTED'
    'Server': 'Windows-Azure-Table/1.0 Microsoft-HTTPAPI/2.0'
    'x-ms-request-id': '263430c3-d002-0069-0210-55b962000000'
    'x-ms-client-request-id': 'bbb3ac52-c103-11ee-8f7d-0242ac180007'
    'x-ms-version': 'REDACTED'
    'X-Content-Type-Options': 'REDACTED'
    'Date': 'Thu, 01 Feb 2024 13:13:48 GMT'
[2024-02-01T13:13:47.368+0000] {python.py:194} INFO - Done. Returned value was: None
[2024-02-01T13:13:47.429+0000] {taskinstance.py:1400} INFO - Marking task as SUCCESS. dag_id=calculating_gross_margin, task_id=calculating_gross_margin, execution_date=20240201T131322, start_date=20240201T131335, end_date=20240201T131347
[2024-02-01T13:13:47.517+0000] {local_task_job_runner.py:228} INFO - Task exited with return code 0
[2024-02-01T13:13:47.564+0000] {taskinstance.py:2778} INFO - 1 downstream tasks scheduled from follow-on schedule check
