[2024-02-01T10:31:38.225+0000] {taskinstance.py:1159} INFO - Dependencies all met for dep_context=non-requeueable deps ti=<TaskInstance: calculating_gross_margin.downloading_fundamentals manual__2024-02-01T10:09:20.643864+00:00 [queued]>
[2024-02-01T10:31:38.244+0000] {taskinstance.py:1159} INFO - Dependencies all met for dep_context=requeueable deps ti=<TaskInstance: calculating_gross_margin.downloading_fundamentals manual__2024-02-01T10:09:20.643864+00:00 [queued]>
[2024-02-01T10:31:38.245+0000] {taskinstance.py:1361} INFO - Starting attempt 2 of 2
[2024-02-01T10:31:38.274+0000] {taskinstance.py:1382} INFO - Executing <Task(PythonOperator): downloading_fundamentals> on 2024-02-01 10:09:20.643864+00:00
[2024-02-01T10:31:38.286+0000] {standard_task_runner.py:57} INFO - Started process 117 to run task
[2024-02-01T10:31:38.291+0000] {standard_task_runner.py:84} INFO - Running: ['***', 'tasks', 'run', 'calculating_gross_margin', 'downloading_fundamentals', 'manual__2024-02-01T10:09:20.643864+00:00', '--job-id', '119', '--raw', '--subdir', 'DAGS_FOLDER/fundamental_data_pipeline.py', '--cfg-path', '/tmp/tmpm_92qsu9']
[2024-02-01T10:31:38.296+0000] {standard_task_runner.py:85} INFO - Job 119: Subtask downloading_fundamentals
[2024-02-01T10:31:38.365+0000] {task_command.py:416} INFO - Running <TaskInstance: calculating_gross_margin.downloading_fundamentals manual__2024-02-01T10:09:20.643864+00:00 [running]> on host 4326638af122
[2024-02-01T10:31:38.530+0000] {taskinstance.py:1662} INFO - Exporting env vars: AIRFLOW_CTX_DAG_EMAIL='gerardchurch133@outlook.com' AIRFLOW_CTX_DAG_OWNER='Airflow' AIRFLOW_CTX_DAG_ID='calculating_gross_margin' AIRFLOW_CTX_TASK_ID='downloading_fundamentals' AIRFLOW_CTX_EXECUTION_DATE='2024-02-01T10:09:20.643864+00:00' AIRFLOW_CTX_TRY_NUMBER='2' AIRFLOW_CTX_DAG_RUN_ID='manual__2024-02-01T10:09:20.643864+00:00'
[2024-02-01T10:31:40.458+0000] {_universal.py:514} INFO - Request URL: 'https://datalakeuksouth2311.table.core.windows.net/fundamentalsraw()?$filter=REDACTED'
Request method: 'GET'
Request headers:
    'x-ms-version': 'REDACTED'
    'DataServiceVersion': 'REDACTED'
    'Accept': 'application/json;odata=minimalmetadata'
    'x-ms-client-request-id': '16099476-c0ed-11ee-9003-0242ac130004'
    'x-ms-date': 'REDACTED'
    'Date': 'Thu, 01 Feb 2024 10:31:40 GMT'
    'User-Agent': 'azsdk-python-data-tables/12.5.0 Python/3.8.18 (Linux-5.10.16.3-microsoft-standard-WSL2-x86_64-with-glibc2.2.5)'
    'Authorization': 'REDACTED'
No body was attached to the request
[2024-02-01T10:31:40.624+0000] {_universal.py:550} INFO - Response status: 200
Response headers:
    'Cache-Control': 'no-cache'
    'Transfer-Encoding': 'chunked'
    'Content-Type': 'application/json;odata=minimalmetadata;streaming=true;charset=utf-8'
    'Server': 'Windows-Azure-Table/1.0 Microsoft-HTTPAPI/2.0'
    'x-ms-request-id': '6992d9b6-f002-0051-20f9-541da2000000'
    'x-ms-client-request-id': '16099476-c0ed-11ee-9003-0242ac130004'
    'x-ms-version': 'REDACTED'
    'X-Content-Type-Options': 'REDACTED'
    'Date': 'Thu, 01 Feb 2024 10:31:42 GMT'
[2024-02-01T10:31:40.639+0000] {_universal.py:511} INFO - Request URL: 'https://datalakeuksouth2311.table.core.windows.net/fundamentalsraw'
Request method: 'POST'
Request headers:
    'Content-Type': 'application/json;odata=nometadata'
    'Content-Length': '18176'
    'x-ms-version': 'REDACTED'
    'DataServiceVersion': 'REDACTED'
    'Accept': 'application/json;odata=minimalmetadata'
    'x-ms-client-request-id': '1625556c-c0ed-11ee-9003-0242ac130004'
    'x-ms-date': 'REDACTED'
    'Date': 'Thu, 01 Feb 2024 10:31:40 GMT'
    'User-Agent': 'azsdk-python-data-tables/12.5.0 Python/3.8.18 (Linux-5.10.16.3-microsoft-standard-WSL2-x86_64-with-glibc2.2.5)'
    'Authorization': 'REDACTED'
A body is sent with the request
[2024-02-01T10:31:40.685+0000] {_universal.py:550} INFO - Response status: 201
Response headers:
    'Cache-Control': 'no-cache'
    'Transfer-Encoding': 'chunked'
    'Content-Type': 'application/json;odata=minimalmetadata;streaming=true;charset=utf-8'
    'ETag': 'W/"datetime'2024-02-01T10%3A31%3A43.009512Z'"'
    'Location': 'REDACTED'
    'Server': 'Windows-Azure-Table/1.0 Microsoft-HTTPAPI/2.0'
    'x-ms-request-id': '6992d9d0-f002-0051-38f9-541da2000000'
    'x-ms-client-request-id': '1625556c-c0ed-11ee-9003-0242ac130004'
    'x-ms-version': 'REDACTED'
    'X-Content-Type-Options': 'REDACTED'
    'Date': 'Thu, 01 Feb 2024 10:31:42 GMT'
[2024-02-01T10:31:40.686+0000] {python.py:194} INFO - Done. Returned value was: None
[2024-02-01T10:31:40.694+0000] {taskinstance.py:1400} INFO - Marking task as SUCCESS. dag_id=calculating_gross_margin, task_id=downloading_fundamentals, execution_date=20240201T100920, start_date=20240201T103138, end_date=20240201T103140
[2024-02-01T10:31:40.723+0000] {local_task_job_runner.py:228} INFO - Task exited with return code 0
[2024-02-01T10:31:40.752+0000] {taskinstance.py:2778} INFO - 1 downstream tasks scheduled from follow-on schedule check
