[2024-02-03T18:07:54.143+0000] {taskinstance.py:1159} INFO - Dependencies all met for dep_context=non-requeueable deps ti=<TaskInstance: calculating_gross_margin.downloading_fundamentals scheduled__2024-02-02T00:00:00+00:00 [queued]>
[2024-02-03T18:07:54.154+0000] {taskinstance.py:1159} INFO - Dependencies all met for dep_context=requeueable deps ti=<TaskInstance: calculating_gross_margin.downloading_fundamentals scheduled__2024-02-02T00:00:00+00:00 [queued]>
[2024-02-03T18:07:54.155+0000] {taskinstance.py:1361} INFO - Starting attempt 1 of 2
[2024-02-03T18:07:54.170+0000] {taskinstance.py:1382} INFO - Executing <Task(PythonOperator): downloading_fundamentals> on 2024-02-02 00:00:00+00:00
[2024-02-03T18:07:54.179+0000] {standard_task_runner.py:57} INFO - Started process 7250 to run task
[2024-02-03T18:07:54.192+0000] {standard_task_runner.py:84} INFO - Running: ['***', 'tasks', 'run', 'calculating_gross_margin', 'downloading_fundamentals', 'scheduled__2024-02-02T00:00:00+00:00', '--job-id', '168', '--raw', '--subdir', 'DAGS_FOLDER/fundamental_data_pipeline.py', '--cfg-path', '/tmp/tmpj6__dc6l']
[2024-02-03T18:07:54.208+0000] {standard_task_runner.py:85} INFO - Job 168: Subtask downloading_fundamentals
[2024-02-03T18:07:54.301+0000] {task_command.py:416} INFO - Running <TaskInstance: calculating_gross_margin.downloading_fundamentals scheduled__2024-02-02T00:00:00+00:00 [running]> on host 617d7a1a687e
[2024-02-03T18:07:54.424+0000] {taskinstance.py:1662} INFO - Exporting env vars: AIRFLOW_CTX_DAG_EMAIL='gerardchurch133@outlook.com' AIRFLOW_CTX_DAG_OWNER='Airflow' AIRFLOW_CTX_DAG_ID='calculating_gross_margin' AIRFLOW_CTX_TASK_ID='downloading_fundamentals' AIRFLOW_CTX_EXECUTION_DATE='2024-02-02T00:00:00+00:00' AIRFLOW_CTX_TRY_NUMBER='1' AIRFLOW_CTX_DAG_RUN_ID='scheduled__2024-02-02T00:00:00+00:00'
[2024-02-03T18:07:58.016+0000] {_universal.py:514} INFO - Request URL: 'https://datalakeuksouth2311.table.core.windows.net/fundamentalsraw()?$filter=REDACTED'
Request method: 'GET'
Request headers:
    'x-ms-version': 'REDACTED'
    'DataServiceVersion': 'REDACTED'
    'Accept': 'application/json;odata=minimalmetadata'
    'x-ms-client-request-id': '2928998e-c2bf-11ee-adb6-0242ac120005'
    'x-ms-date': 'REDACTED'
    'Date': 'Sat, 03 Feb 2024 18:07:58 GMT'
    'User-Agent': 'azsdk-python-data-tables/12.5.0 Python/3.8.18 (Linux-5.10.16.3-microsoft-standard-WSL2-x86_64-with-glibc2.2.5)'
    'Authorization': 'REDACTED'
No body was attached to the request
[2024-02-03T18:07:58.150+0000] {_universal.py:550} INFO - Response status: 200
Response headers:
    'Cache-Control': 'no-cache'
    'Transfer-Encoding': 'chunked'
    'Content-Type': 'application/json;odata=minimalmetadata;streaming=true;charset=utf-8'
    'Server': 'Windows-Azure-Table/1.0 Microsoft-HTTPAPI/2.0'
    'x-ms-request-id': 'fd8c56aa-c002-0007-6ccb-56ec4d000000'
    'x-ms-client-request-id': '2928998e-c2bf-11ee-adb6-0242ac120005'
    'x-ms-version': 'REDACTED'
    'X-Content-Type-Options': 'REDACTED'
    'Date': 'Sat, 03 Feb 2024 18:07:59 GMT'
[2024-02-03T18:07:58.172+0000] {python.py:194} INFO - Done. Returned value was: None
[2024-02-03T18:07:58.197+0000] {taskinstance.py:1400} INFO - Marking task as SUCCESS. dag_id=calculating_gross_margin, task_id=downloading_fundamentals, execution_date=20240202T000000, start_date=20240203T180754, end_date=20240203T180758
[2024-02-03T18:07:58.263+0000] {local_task_job_runner.py:228} INFO - Task exited with return code 0
[2024-02-03T18:07:58.325+0000] {taskinstance.py:2778} INFO - 1 downstream tasks scheduled from follow-on schedule check
